<?xml version="1.0" encoding="UTF-8"?>
<beans xmlns="http://www.springframework.org/schema/beans"
	xmlns:xsi="http://www.w3.org/2001/XMLSchema-instance" xmlns:p="http://www.springframework.org/schema/p"
	xmlns:context="http://www.springframework.org/schema/context" xmlns:tx="http://www.springframework.org/schema/tx"
	xmlns:jdbc="http://www.springframework.org/schema/jdbc" xmlns:jee="http://www.springframework.org/schema/jee"
	xsi:schemaLocation="http://www.springframework.org/schema/beans http://www.springframework.org/schema/beans/spring-beans.xsd
         http://www.springframework.org/schema/context http://www.springframework.org/schema/context/spring-context.xsd
         http://www.springframework.org/schema/tx http://www.springframework.org/schema/tx/spring-tx.xsd
         http://www.springframework.org/schema/jdbc http://www.springframework.org/schema/jdbc/spring-jdbc.xsd
         http://www.springframework.org/schema/jee http://www.springframework.org/schema/jee/spring-jee.xsd">

	<context:component-scan base-package="com.tradevan.apcommon, com.tradevan.handyform" />

	<bean id="propertyConfigurer" class="org.springframework.beans.factory.config.PropertyPlaceholderConfigurer">
		<property name="locations">
			<list>
				<value>classpath:spring/apSetting.properties</value>
			</list>
		</property>
	</bean>

	<!-- SQL Server -->
	<!-- bean id=""dataSource"" class="org.springframework.jdbc.datasource.DriverManagerDataSource">
		<property name="driverClassName" value="com.microsoft.sqlserver.jdbc.SQLServerDriver" />
		<property name="url" value="jdbc:sqlserver://127.0.0.1:1433;databaseName=testdb" />
		<property name="username" value="test" />
		<property name="password" value="@tradevan" />
    </bean -->

	<bean id="dataSource" class="org.springframework.jdbc.datasource.DriverManagerDataSource">
		<property name="driverClassName" value="org.h2.Driver" />
		<property name="url" value="jdbc:h2:mem:testdb;DB_CLOSE_DELAY=-1" />
		<property name="username" value="sa" />
		<property name="password" value="" />
    </bean>

	<bean id="entityManagerFactory" class="org.springframework.orm.jpa.LocalContainerEntityManagerFactoryBean">
		<property name="packagesToScan" value="com.tradevan.handyform.model.form" />
		<property name="dataSource" ref="dataSource" />
		<property name="jpaVendorAdapter">
			<!-- bean class="org.springframework.orm.jpa.vendor.HibernateJpaVendorAdapter" p:database="SQL_SERVER" p:showSql="true" / -->
			<bean class="org.springframework.orm.jpa.vendor.HibernateJpaVendorAdapter" p:database="H2" p:showSql="true" />
		</property>
		<property name="jpaProperties">
			<props>
				<!-- <prop key="hibernate.jdbc.fetch_size">50</prop> -->
				<prop key="hibernate.jdbc.batch_size">50</prop>
				<prop key="hibernate.enable_lazy_load_no_trans">true</prop>
				<prop key="hibernate.connection.charSet">UTF-8</prop>
				<!-- prop key="hibernate.hbm2ddl.auto">none</prop -->
				<prop key="hibernate.hbm2ddl.auto">create</prop>
			</props>
		</property>
		
	</bean>

	<bean id="transactionManager" class="org.springframework.orm.jpa.JpaTransactionManager" p:entityManagerFactory-ref="entityManagerFactory" />

	<tx:annotation-driven transaction-manager="transactionManager" />

	<bean class="org.springframework.dao.annotation.PersistenceExceptionTranslationPostProcessor" />
	
</beans>